2025-03-21 18:42:00 | DEBUG | repo=system-int | action=pull
2025-06-08 11:27:00 | INFO | repo=system-int | action=commit
2025-07-09 20:10:00 | WARN | repo=system-int | action=commit
2025-05-21 11:06:00 | DEBUG | repo=system-int | action=test | passed=true
2025-07-03 19:11:00 | INFO | repo=system-int | action=test | passed=true
2025-07-01 18:02:00 | INFO | repo=system-int | action=commit
2025-09-15 13:06:00 | INFO | repo=system-int | action=test | passed=true
2025-11-05 13:18:00 | DEBUG | repo=system-int | action=commit
2025-09-19 16:10:00 | DEBUG | repo=system-int | action=commit
2025-02-13 20:46:00 | INFO | repo=system-int | action=test | passed=true
2025-09-20 20:12:00 | DEBUG | repo=system-int | action=commit
2025-09-25 21:10:00 | INFO | repo=system-int | action=commit
2025-02-18 20:27:00 | INFO | repo=system-int | action=commit
2025-02-09 18:27:00 | WARN | repo=system-int | action=commit
2025-03-23 08:25:00 | WARN | repo=system-int | action=edit | files=1
2025-11-06 11:44:00 | WARN | repo=system-int | action=test | passed=true
2025-11-23 13:52:00 | WARN | repo=system-int | action=pull
2025-08-14 18:11:00 | DEBUG | repo=system-int | action=commit
2025-06-26 17:45:00 | DEBUG | repo=system-int | action=commit
2025-10-22 21:53:00 | DEBUG | repo=system-int | action=test | passed=true
2025-07-22 14:25:00 | INFO | repo=system-int | action=edit | files=1
2025-03-24 11:42:00 | WARN | repo=system-int | action=pull
2025-07-22 19:24:00 | INFO | repo=system-int | action=commit
2025-05-27 20:41:00 | INFO | repo=system-int | action=test | passed=true
2025-02-01 13:30:00 | INFO | repo=system-int | action=test | passed=true
2025-06-21 12:26:00 | DEBUG | repo=system-int | action=commit
2025-03-19 07:00:00 | WARN | repo=system-int | action=commit
2025-09-20 17:15:00 | INFO | repo=system-int | action=edit | files=4
2025-04-15 16:31:00 | DEBUG | repo=system-int | action=commit
2025-04-16 20:48:00 | INFO | repo=system-int | action=commit
2025-09-25 10:15:00 | INFO | repo=system-int | action=commit
2025-05-23 08:04:00 | WARN | repo=system-int | action=test | passed=true
2025-10-18 07:17:00 | DEBUG | repo=system-int | action=commit
2025-12-02 13:37:00 | DEBUG | repo=system-int | action=test | passed=true
2025-04-19 09:36:00 | WARN | repo=system-int | action=edit | files=4
2025-07-28 19:28:00 | WARN | repo=system-int | action=commit
2025-07-26 08:52:00 | INFO | repo=system-int | action=pull
2025-12-16 18:10:00 | WARN | repo=system-int | action=commit
2025-07-23 14:15:00 | DEBUG | repo=system-int | action=commit
2025-05-21 19:06:00 | WARN | repo=system-int | action=commit
2025-10-16 20:12:00 | INFO | repo=system-int | action=commit
2025-07-04 07:08:00 | DEBUG | repo=system-int | action=pull
2025-05-22 07:10:00 | WARN | repo=system-int | action=commit
2025-01-22 09:12:00 | DEBUG | repo=system-int | action=edit | files=2
2025-02-25 15:58:00 | DEBUG | repo=system-int | action=commit
2025-01-25 12:39:00 | DEBUG | repo=system-int | action=test | passed=true
2025-12-20 07:08:00 | WARN | repo=system-int | action=commit
2025-01-10 19:19:00 | WARN | repo=system-int | action=test | passed=true
2025-03-17 16:15:00 | DEBUG | repo=system-int | action=edit | files=1
2025-01-04 21:46:00 | INFO | repo=system-int | action=commit
2025-11-17 08:14:00 | DEBUG | repo=system-int | action=test | passed=true
2025-06-25 20:07:00 | DEBUG | repo=system-int | action=commit
2025-06-20 20:38:00 | DEBUG | repo=system-int | action=commit
2025-09-01 17:02:00 | INFO | repo=system-int | action=edit | files=1
2025-01-27 08:06:00 | DEBUG | repo=system-int | action=commit
2025-08-18 10:09:00 | WARN | repo=system-int | action=test | passed=true
2025-09-01 13:55:00 | DEBUG | repo=system-int | action=commit
2025-03-21 11:29:00 | INFO | repo=system-int | action=commit
2025-05-28 20:38:00 | WARN | repo=system-int | action=edit | files=2
2025-10-17 21:23:00 | INFO | repo=system-int | action=commit
2025-11-20 12:40:00 | INFO | repo=system-int | action=commit
2025-12-20 21:32:00 | DEBUG | repo=system-int | action=edit | files=5
2025-07-26 15:14:00 | DEBUG | repo=system-int | action=commit
2025-10-19 18:27:00 | WARN | repo=system-int | action=commit
2025-06-08 21:40:00 | INFO | repo=system-int | action=commit
2025-01-12 20:34:00 | DEBUG | repo=system-int | action=pull
2025-08-09 19:20:00 | WARN | repo=system-int | action=commit
2025-11-03 19:38:00 | DEBUG | repo=system-int | action=commit
2025-11-14 15:51:00 | INFO | repo=system-int | action=edit | files=2
2025-11-27 17:44:00 | WARN | repo=system-int | action=edit | files=2
2025-05-11 07:22:00 | DEBUG | repo=system-int | action=commit
2025-02-05 16:28:00 | INFO | repo=system-int | action=pull
2025-01-02 09:22:00 | DEBUG | repo=system-int | action=pull
2025-08-18 19:21:00 | INFO | repo=system-int | action=commit
2025-06-25 14:07:00 | DEBUG | repo=system-int | action=test | passed=true
2025-04-12 18:20:00 | WARN | repo=system-int | action=commit
2025-10-15 07:02:00 | DEBUG | repo=system-int | action=edit | files=1
2025-10-21 07:26:00 | INFO | repo=system-int | action=pull
2025-12-12 17:42:00 | INFO | repo=system-int | action=commit
2025-07-13 07:48:00 | INFO | repo=system-int | action=commit
2025-07-24 18:15:00 | WARN | repo=system-int | action=edit | files=3
2025-09-20 09:18:00 | DEBUG | repo=system-int | action=test | passed=true
2025-08-26 09:28:00 | WARN | repo=system-int | action=commit
2025-07-26 20:49:00 | INFO | repo=system-int | action=edit | files=4
2025-09-15 13:01:00 | INFO | repo=system-int | action=commit
2025-06-06 13:06:00 | WARN | repo=system-int | action=test | passed=true
2025-07-28 15:22:00 | WARN | repo=system-int | action=edit | files=4
2025-12-01 17:38:00 | DEBUG | repo=system-int | action=edit | files=1
2025-02-26 10:39:00 | INFO | repo=system-int | action=test | passed=true
2025-01-14 14:21:00 | INFO | repo=system-int | action=commit
2025-05-18 12:15:00 | INFO | repo=system-int | action=pull
2025-09-11 14:45:00 | WARN | repo=system-int | action=pull
2025-02-20 16:23:00 | DEBUG | repo=system-int | action=commit
2025-03-23 18:06:00 | DEBUG | repo=system-int | action=commit
2025-04-19 07:16:00 | DEBUG | repo=system-int | action=commit
2025-03-18 15:47:00 | DEBUG | repo=system-int | action=pull
2025-08-17 12:00:00 | INFO | repo=system-int | action=test | passed=true
2025-10-11 19:53:00 | WARN | repo=system-int | action=pull
2025-03-13 12:13:00 | DEBUG | repo=system-int | action=pull
2025-09-02 11:11:00 | DEBUG | repo=system-int | action=test | passed=true
2025-12-25 18:52:00 | INFO | repo=system-int | action=commit
2025-12-25 21:47:00 | DEBUG | repo=system-int | action=commit
2025-10-02 17:19:00 | INFO | repo=system-int | action=edit | files=2
2025-11-22 08:53:00 | WARN | repo=system-int | action=pull
2025-09-09 12:51:00 | WARN | repo=system-int | action=commit
2025-01-13 11:59:00 | WARN | repo=system-int | action=commit
2025-01-26 08:06:00 | INFO | repo=system-int | action=commit
2025-03-17 18:30:00 | WARN | repo=system-int | action=commit
2025-01-05 11:42:00 | WARN | repo=system-int | action=test | passed=true
2025-08-23 07:53:00 | INFO | repo=system-int | action=commit
2025-11-07 07:55:00 | INFO | repo=system-int | action=commit
2025-09-27 11:19:00 | DEBUG | repo=system-int | action=commit
2025-06-07 07:04:00 | WARN | repo=system-int | action=edit | files=2
2025-12-03 20:37:00 | INFO | repo=system-int | action=edit | files=4
2025-06-09 11:50:00 | INFO | repo=system-int | action=edit | files=4
2025-09-26 14:28:00 | DEBUG | repo=system-int | action=commit
2025-05-02 11:35:00 | DEBUG | repo=system-int | action=commit
2025-12-28 07:16:00 | DEBUG | repo=system-int | action=commit
2025-08-17 16:50:00 | INFO | repo=system-int | action=edit | files=4
2025-03-05 21:05:00 | WARN | repo=system-int | action=edit | files=3
2025-12-09 20:47:00 | INFO | repo=system-int | action=commit
2025-05-02 21:31:00 | WARN | repo=system-int | action=test | passed=true
2025-11-01 14:45:00 | WARN | repo=system-int | action=test | passed=true
2025-02-02 09:28:00 | DEBUG | repo=system-int | action=commit
2025-01-26 08:50:00 | INFO | repo=system-int | action=pull
2025-09-15 19:14:00 | INFO | repo=system-int | action=commit
2025-02-13 17:13:00 | WARN | repo=system-int | action=commit
2025-01-05 11:52:00 | WARN | repo=system-int | action=commit
2025-08-06 16:46:00 | INFO | repo=system-int | action=commit
2025-03-11 14:58:00 | INFO | repo=system-int | action=commit
2025-02-02 17:50:00 | INFO | repo=system-int | action=commit
2025-11-15 08:59:00 | DEBUG | repo=system-int | action=commit
2025-07-05 07:31:00 | DEBUG | repo=system-int | action=commit
2025-03-25 19:42:00 | INFO | repo=system-int | action=commit
2025-04-18 08:52:00 | INFO | repo=system-int | action=pull
2025-12-27 12:54:00 | WARN | repo=system-int | action=commit
2025-03-03 11:41:00 | DEBUG | repo=system-int | action=commit
2025-08-19 07:53:00 | INFO | repo=system-int | action=commit
